<?xml version="1.0" encoding="UTF-8"?>
<testng-results ignored="0" total="1" passed="1" failed="0" skipped="0">
  <reporter-output>
    <line>
      <![CDATA[Successfully Launched Chrome Browser]]>
    </line>
    <line>
      <![CDATA[Browser window is maximized successfully]]>
    </line>
    <line>
      <![CDATA[Time-Track page  is  displayed Succesfully]]>
    </line>
    <line>
      <![CDATA[Task created Succesfully]]>
    </line>
  </reporter-output>
  <suite started-at="2022-03-02T14:03:47 IST" name="Default suite" finished-at="2022-03-02T14:04:51 IST" duration-ms="64871">
    <groups>
    </groups>
    <test started-at="2022-03-02T14:03:47 IST" name="Default test" finished-at="2022-03-02T14:04:51 IST" duration-ms="64871">
      <class name="time_Task.Acti_TimeTrack_051">
        <test-method is-config="true" signature="openTheBrowser(java.lang.String)[pri:0, instance:time_Task.Acti_TimeTrack_051@74455848]" started-at="2022-03-02T14:03:47 IST" name="openTheBrowser" finished-at="2022-03-02T14:04:33 IST" duration-ms="46309" status="PASS">
          <params>
            <param index="0">
              <value>
                <![CDATA[chrome]]>
              </value>
            </param>
          </params>
          <reporter-output>
            <line>
              <![CDATA[Successfully Launched Chrome Browser]]>
            </line>
            <line>
              <![CDATA[Browser window is maximized successfully]]>
            </line>
          </reporter-output>
        </test-method> <!-- openTheBrowser -->
        <test-method is-config="true" signature="loginToApplication()[pri:0, instance:time_Task.Acti_TimeTrack_051@74455848]" started-at="2022-03-02T14:04:33 IST" name="loginToApplication" finished-at="2022-03-02T14:04:40 IST" duration-ms="7275" status="PASS">
          <reporter-output>
          </reporter-output>
        </test-method> <!-- loginToApplication -->
        <test-method signature="sample()[pri:0, instance:time_Task.Acti_TimeTrack_051@74455848]" started-at="2022-03-02T14:04:40 IST" name="sample" finished-at="2022-03-02T14:04:51 IST" duration-ms="10989" status="PASS">
          <reporter-output>
            <line>
              <![CDATA[Time-Track page  is  displayed Succesfully]]>
            </line>
            <line>
              <![CDATA[Task created Succesfully]]>
            </line>
          </reporter-output>
        </test-method> <!-- sample -->
      </class> <!-- time_Task.Acti_TimeTrack_051 -->
    </test> <!-- Default test -->
  </suite> <!-- Default suite -->
</testng-results>
